<?xml version="1.0" encoding="UTF-8"?>
<testsuite xmlns:xsi="http://www.w3.org/2001/XMLSchema-instance" xsi:noNamespaceSchemaLocation="https://maven.apache.org/surefire/maven-surefire-plugin/xsd/surefire-test-report.xsd" version="3.0.2" name="medicine.mcp.server.MedicineInventoryMcpServerApplicationTests" time="0.978" tests="1" errors="0" skipped="0" failures="0">
  <properties>
[...]
</properties>
  <testcase name="contextLoads" classname="medicine.mcp.server.MedicineInventoryMcpServerApplicationTests" time="0.316">
    <system-out><![CDATA[14:48:42.211 [main] INFO org.springframework.test.context.support.AnnotationConfigContextLoaderUtils -- Could not detect default configuration classes for test class [medicine.mcp.server.MedicineInventoryMcpServerApplicationTests]: MedicineInventoryMcpServerApplicationTests does not declare any static, non-private, non-final, nested classes annotated with @Configuration.
14:48:42.248 [main] INFO org.springframework.boot.test.context.SpringBootTestContextBootstrapper -- Found @SpringBootConfiguration medicine.mcp.server.MedicineInventoryMcpServerApplication for test class medicine.mcp.server.MedicineInventoryMcpServerApplicationTests

  .   ____          _            __ _ _
 /\\ / ___'_ __ _ _(_)_ __  __ _ \ \ \ \
( ( )\___ | '_ | '_| | '_ \/ _` | \ \ \ \
 \\/  ___)| |_)| | | | | || (_| |  ) ) ) )
  '  |____| .__|_| |_|_| |_\__, | / / / /
 =========|_|==============|___/=/_/_/_/

 :: Spring Boot ::               (v3.5.11)

2026-02-24T14:48:42.391+05:30  INFO 10623 --- [medicine-inventory-mcp-server] [           main] dicineInventoryMcpServerApplicationTests : Starting MedicineInventoryMcpServerApplicationTests using Java 21.0.6 with PID 10623 (started by anjit in /Users/anjit/WORK_SPACE/RND/SPRING_AI/medicine-inventory-mcp-server)
2026-02-24T14:48:42.392+05:30  INFO 10623 --- [medicine-inventory-mcp-server] [           main] dicineInventoryMcpServerApplicationTests : No active profile set, falling back to 1 default profile: "default"
2026-02-24T14:48:42.596+05:30  WARN 10623 --- [medicine-inventory-mcp-server] [           main] trationDelegate$BeanPostProcessorChecker : Bean 'org.springframework.ai.mcp.server.common.autoconfigure.annotations.McpServerAnnotationScannerAutoConfiguration' of type [org.springframework.ai.mcp.server.common.autoconfigure.annotations.McpServerAnnotationScannerAutoConfiguration] is not eligible for getting processed by all BeanPostProcessors (for example: not eligible for auto-proxying). Is this bean getting eagerly injected/applied to a currently created BeanPostProcessor [serverAnnotatedMethodBeanPostProcessor]? Check the corresponding BeanPostProcessor declaration and its dependencies/advisors. If this bean does not have to be post-processed, declare it with ROLE_INFRASTRUCTURE.
2026-02-24T14:48:42.596+05:30  WARN 10623 --- [medicine-inventory-mcp-server] [           main] trationDelegate$BeanPostProcessorChecker : Bean 'serverAnnotatedBeanRegistry' of type [org.springframework.ai.mcp.server.common.autoconfigure.annotations.McpServerAnnotationScannerAutoConfiguration$ServerMcpAnnotatedBeans] is not eligible for getting processed by all BeanPostProcessors (for example: not eligible for auto-proxying). Is this bean getting eagerly injected/applied to a currently created BeanPostProcessor [serverAnnotatedMethodBeanPostProcessor]? Check the corresponding BeanPostProcessor declaration and its dependencies/advisors. If this bean does not have to be post-processed, declare it with ROLE_INFRASTRUCTURE.
2026-02-24T14:48:42.599+05:30  WARN 10623 --- [medicine-inventory-mcp-server] [           main] trationDelegate$BeanPostProcessorChecker : Bean 'spring.ai.mcp.server.annotation-scanner-org.springframework.ai.mcp.server.common.autoconfigure.annotations.McpServerAnnotationScannerProperties' of type [org.springframework.ai.mcp.server.common.autoconfigure.annotations.McpServerAnnotationScannerProperties] is not eligible for getting processed by all BeanPostProcessors (for example: not eligible for auto-proxying). Is this bean getting eagerly injected/applied to a currently created BeanPostProcessor [serverAnnotatedMethodBeanPostProcessor]? Check the corresponding BeanPostProcessor declaration and its dependencies/advisors. If this bean does not have to be post-processed, declare it with ROLE_INFRASTRUCTURE.
2026-02-24T14:48:42.775+05:30  WARN 10623 --- [medicine-inventory-mcp-server] [           main] o.s.m.provider.tool.SyncMcpToolProvider  : No tool methods found in the provided tool objects: []
2026-02-24T14:48:42.779+05:30  INFO 10623 --- [medicine-inventory-mcp-server] [           main] o.s.a.m.s.c.a.McpServerAutoConfiguration : Enable tools capabilities, notification: true
2026-02-24T14:48:42.779+05:30  INFO 10623 --- [medicine-inventory-mcp-server] [           main] o.s.a.m.s.c.a.McpServerAutoConfiguration : Enable resources capabilities, notification: true
2026-02-24T14:48:42.779+05:30  INFO 10623 --- [medicine-inventory-mcp-server] [           main] o.s.a.m.s.c.a.McpServerAutoConfiguration : Enable resources templates capabilities, notification: true
2026-02-24T14:48:42.779+05:30  INFO 10623 --- [medicine-inventory-mcp-server] [           main] o.s.a.m.s.c.a.McpServerAutoConfiguration : Enable prompts capabilities, notification: true
2026-02-24T14:48:42.780+05:30  INFO 10623 --- [medicine-inventory-mcp-server] [           main] o.s.a.m.s.c.a.McpServerAutoConfiguration : Enable completions capabilities
2026-02-24T14:48:42.816+05:30  INFO 10623 --- [medicine-inventory-mcp-server] [           main] dicineInventoryMcpServerApplicationTests : Started MedicineInventoryMcpServerApplicationTests in 0.522 seconds (process running for 0.835)
]]></system-out>
    <system-err><![CDATA[Mockito is currently self-attaching to enable the inline-mock-maker. This will no longer work in future releases of the JDK. Please add Mockito as an agent to your build as described in Mockito's documentation: https://javadoc.io/doc/org.mockito/mockito-core/latest/org.mockito/org/mockito/Mockito.html#0.3
WARNING: A Java agent has been loaded dynamically (/Users/anjit/.m2/repository/net/bytebuddy/byte-buddy-agent/1.17.8/byte-buddy-agent-1.17.8.jar)
WARNING: If a serviceability tool is in use, please run with -XX:+EnableDynamicAgentLoading to hide this warning
WARNING: If a serviceability tool is not in use, please run with -Djdk.instrument.traceUsage for more information
WARNING: Dynamic loading of agents will be disallowed by default in a future release
]]></system-err>
  </testcase>
</testsuite>